#
# There is insufficient memory for the Java Runtime Environment to continue.
# Native memory allocation (malloc) failed to allocate 257056 bytes for Chunk::new
# Possible reasons:
#   The system is out of physical RAM or swap space
#   The process is running with CompressedOops enabled, and the Java Heap may be blocking the growth of the native heap
# Possible solutions:
#   Reduce memory load on the system
#   Increase physical memory or swap space
#   Check if swap backing store is full
#   Decrease Java heap size (-Xmx/-Xms)
#   Decrease number of Java threads
#   Decrease Java thread stack sizes (-Xss)
#   Set larger code cache with -XX:ReservedCodeCacheSize=
#   JVM is running with Unscaled Compressed Oops mode in which the Java heap is
#     placed in the first 4GB address space. The Java Heap base address is the
#     maximum limit for the native heap growth. Please use -XX:HeapBaseMinAddress
#     to set the Java Heap base and to place the Java Heap above 4GB virtual address.
# This output file may be truncated or incomplete.
#
#  Out of Memory Error (allocation.cpp:389), pid=1212, tid=0x00000000000014f4
#
# JRE version: OpenJDK Runtime Environment (8.0_242-b01) (build 1.8.0_242-release-1644-b01)
# Java VM: OpenJDK 64-Bit Server VM (25.242-b01 mixed mode windows-amd64 compressed oops)
# Failed to write core dump. Minidumps are not enabled by default on client versions of Windows
#

---------------  T H R E A D  ---------------

Current thread (0x0000000016ce5800):  JavaThread "C2 CompilerThread0" daemon [_thread_in_native, id=5364, stack(0x0000000018340000,0x0000000018440000)]

Stack: [0x0000000018340000,0x0000000018440000]
[error occurred during error reporting (printing stack bounds), id 0xc0000005]

Native frames: (J=compiled Java code, j=interpreted, Vv=VM code, C=native code)


Current CompileTask:
C2:2721614 13570       4       org.gradle.api.internal.tasks.compile.incremental.deps.ClassSetAnalysisData$Serializer::readDependentsSet (72 bytes)


---------------  P R O C E S S  ---------------

Java Threads: ( => current thread )
  0x00000000225c1000 JavaThread "Cache worker for Java compile cache (C:\Users\User\AndroidStudioProjects\taxi\.gradle\5.6.4\javaCompile)" [_thread_blocked, id=9552, stack(0x0000000028310000,0x0000000028410000)]
  0x00000000225c6800 JavaThread "Cache worker for Java compile cache (C:\Users\User\.gradle\caches\5.6.4\javaCompile)" [_thread_in_native, id=8404, stack(0x0000000026700000,0x0000000026800000)]
  0x00000000225c2800 JavaThread "WorkerExecutor Queue Thread 4" [_thread_blocked, id=4928, stack(0x0000000027240000,0x0000000027340000)]
  0x00000000225c2000 JavaThread "stdout" [_thread_in_native, id=9812, stack(0x0000000026e40000,0x0000000026f40000)]
  0x00000000225c3800 JavaThread "stderr" [_thread_in_native, id=196, stack(0x0000000026d40000,0x0000000026e40000)]
  0x000000001a016000 JavaThread "stdout" [_thread_in_native, id=3816, stack(0x0000000026c40000,0x0000000026d40000)]
  0x000000001a019800 JavaThread "stderr" [_thread_in_native, id=3844, stack(0x0000000026b40000,0x0000000026c40000)]
  0x000000001a01c800 JavaThread "stdout" [_thread_in_native, id=9096, stack(0x0000000026a40000,0x0000000026b40000)]
  0x000000001a019000 JavaThread "stderr" [_thread_in_native, id=1244, stack(0x0000000026800000,0x0000000026900000)]
  0x000000001a681000 JavaThread "pool-6-thread-1" [_thread_blocked, id=4332, stack(0x0000000026940000,0x0000000026a40000)]
  0x000000001a682800 JavaThread "WorkerExecutor Queue Thread 2" [_thread_blocked, id=2336, stack(0x0000000026600000,0x0000000026700000)]
  0x000000001a681800 JavaThread "WorkerExecutor Queue" [_thread_blocked, id=9672, stack(0x0000000026500000,0x0000000026600000)]
  0x000000001a675000 JavaThread "Cache worker for execution history cache (C:\Users\User\AndroidStudioProjects\taxi\.gradle\5.6.4\executionHistory)" [_thread_blocked, id=6024, stack(0x0000000026200000,0x0000000026300000)]
  0x000000001a674000 JavaThread "Execution worker for ':' Thread 3" [_thread_blocked, id=8780, stack(0x0000000026100000,0x0000000026200000)]
  0x000000001a67b000 JavaThread "Execution worker for ':' Thread 2" [_thread_blocked, id=4288, stack(0x0000000026000000,0x0000000026100000)]
  0x000000001a677000 JavaThread "Execution worker for ':'" [_thread_blocked, id=9080, stack(0x0000000025f00000,0x0000000026000000)]
  0x000000001f4ef800 JavaThread "Cache worker for file content cache (C:\Users\User\AndroidStudioProjects\taxi\.gradle\5.6.4\fileContent)" [_thread_blocked, id=6132, stack(0x0000000025560000,0x0000000025660000)]
  0x000000001f4ee000 JavaThread "Cache worker for file content cache (C:\Users\User\.gradle\caches\5.6.4\fileContent)" [_thread_blocked, id=5864, stack(0x0000000022f90000,0x0000000023090000)]
  0x000000001f4f2800 JavaThread "Cache worker for Build Output Cleanup Cache (C:\Users\User\AndroidStudioProjects\taxi\.gradle\buildOutputCleanup)" [_thread_blocked, id=4488, stack(0x0000000022890000,0x0000000022990000)]
  0x000000001f4ee800 JavaThread "Build operations Thread 4" [_thread_in_Java, id=4380, stack(0x0000000022790000,0x0000000022890000)]
  0x000000001f4f1800 JavaThread "Build operations Thread 3" [_thread_blocked, id=724, stack(0x0000000022690000,0x0000000022790000)]
  0x000000001f4f1000 JavaThread "Build operations Thread 2" [_thread_blocked, id=4996, stack(0x0000000021590000,0x0000000021690000)]
  0x000000001f4e6800 JavaThread "Build operations" [_thread_blocked, id=6592, stack(0x00000000208b0000,0x00000000209b0000)]
  0x000000001f4ed000 JavaThread "Cache worker for cache directory md-rule (C:\Users\User\.gradle\caches\5.6.4\md-rule)" [_thread_blocked, id=1932, stack(0x000000001f0f0000,0x000000001f1f0000)]
  0x000000001f4ec800 JavaThread "Cache worker for cache directory md-supplier (C:\Users\User\.gradle\caches\5.6.4\md-supplier)" [_thread_blocked, id=3800, stack(0x000000001ed10000,0x000000001ee10000)]
  0x000000001f4e5800 JavaThread "Cache worker for file hash cache (C:\Users\User\AndroidStudioProjects\taxi\.gradle\5.6.4\fileHashes)" [_thread_blocked, id=484, stack(0x000000001c570000,0x000000001c670000)]
  0x000000001f4eb800 JavaThread "Thread-42" [_thread_blocked, id=9192, stack(0x000000001c270000,0x000000001c370000)]
  0x000000001f4e5000 JavaThread "Stdin handler" [_thread_blocked, id=9164, stack(0x000000001c170000,0x000000001c270000)]
  0x000000001f4e4000 JavaThread "Asynchronous log dispatcher for DefaultDaemonConnection: socket connection from /127.0.0.1:54761 to /127.0.0.1:55097" [_thread_blocked, id=3688, stack(0x000000001be70000,0x000000001bf70000)]
  0x000000001f4eb000 JavaThread "Daemon worker Thread 3" [_thread_blocked, id=3292, stack(0x000000001bd70000,0x000000001be70000)]
  0x000000001f4e3800 JavaThread "Cancel handler" [_thread_blocked, id=7788, stack(0x00000000017b0000,0x00000000018b0000)]
  0x000000001f4e8000 JavaThread "Handler for socket connection from /127.0.0.1:54761 to /127.0.0.1:55097" [_thread_in_native, id=8296, stack(0x00000000016b0000,0x00000000017b0000)]
  0x000000001f4e8800 JavaThread "Daemon Thread 3" [_thread_blocked, id=4692, stack(0x00000000015b0000,0x00000000016b0000)]
  0x000000001a67f800 JavaThread "Memory manager" [_thread_blocked, id=9256, stack(0x0000000024c60000,0x0000000024d60000)]
  0x000000001a679800 JavaThread "Cache worker for execution history cache (C:\Users\User\.gradle\caches\5.6.4\executionHistory)" [_thread_blocked, id=8380, stack(0x00000000209b0000,0x0000000020ab0000)]
  0x000000001a018000 JavaThread "Cache worker for journal cache (C:\Users\User\.gradle\caches\journal-1)" [_thread_blocked, id=6896, stack(0x000000001ca70000,0x000000001cb70000)]
  0x000000001a017800 JavaThread "File lock request listener" [_thread_in_native, id=4092, stack(0x000000001c970000,0x000000001ca70000)]
  0x000000001a016800 JavaThread "Cache worker for file hash cache (C:\Users\User\.gradle\caches\5.6.4\fileHashes)" [_thread_blocked, id=6912, stack(0x000000001c870000,0x000000001c970000)]
  0x000000001a494000 JavaThread "Daemon periodic checks" [_thread_blocked, id=5428, stack(0x000000001bc70000,0x000000001bd70000)]
  0x000000001a491000 JavaThread "Incoming local TCP Connector on port 54761" [_thread_in_native, id=5700, stack(0x000000001ba20000,0x000000001bb20000)]
  0x00000000186ff800 JavaThread "Daemon health stats" [_thread_blocked, id=2080, stack(0x000000001b3e0000,0x000000001b4e0000)]
  0x0000000018670800 JavaThread "Service Thread" daemon [_thread_blocked, id=7864, stack(0x0000000018a40000,0x0000000018b40000)]
  0x0000000016ced800 JavaThread "C1 CompilerThread2" daemon [_thread_blocked, id=8972, stack(0x0000000018540000,0x0000000018640000)]
  0x0000000016cea000 JavaThread "C2 CompilerThread1" daemon [_thread_in_native, id=9908, stack(0x0000000018440000,0x0000000018540000)]
=>0x0000000016ce5800 JavaThread "C2 CompilerThread0" daemon [_thread_in_native, id=5364, stack(0x0000000018340000,0x0000000018440000)]
  0x0000000016ce4800 JavaThread "Attach Listener" daemon [_thread_blocked, id=6152, stack(0x0000000018240000,0x0000000018340000)]
  0x0000000016ce2000 JavaThread "Signal Dispatcher" daemon [_thread_blocked, id=2044, stack(0x0000000018140000,0x0000000018240000)]
  0x000000000327b000 JavaThread "Finalizer" daemon [_thread_blocked, id=8676, stack(0x0000000017f30000,0x0000000018030000)]
  0x0000000016cc9000 JavaThread "Reference Handler" daemon [_thread_blocked, id=8808, stack(0x0000000017e30000,0x0000000017f30000)]
  0x000000000335d800 JavaThread "main" [_thread_blocked, id=8408, stack(0x00000000018b0000,0x00000000019b0000)]

Other Threads:
  0x0000000016ca6000 VMThread [stack: 0x0000000017d30000,0x0000000017e30000] [id=9212]
  0x0000000018672000 WatcherThread [stack: 0x0000000018b40000,0x0000000018c40000] [id=2160]

VM state:not at safepoint (normal execution)

VM Mutex/Monitor currently owned by a thread: None

heap address: 0x00000000a0000000, size: 1536 MB, Compressed Oops mode: 32-bit
Narrow klass base: 0x0000000000000000, Narrow klass shift: 3
Compressed class space size: 1073741824 Address: 0x0000000100000000

Heap:
 PSYoungGen      total 197120K, used 154163K [0x00000000e0000000, 0x00000000ee780000, 0x0000000100000000)
  eden space 167424K, 74% used [0x00000000e0000000,0x00000000e798f6e0,0x00000000ea380000)
  from space 29696K, 99% used [0x00000000ec580000,0x00000000ee27d520,0x00000000ee280000)
  to   space 34816K, 0% used [0x00000000ea380000,0x00000000ea380000,0x00000000ec580000)
 ParOldGen       total 148480K, used 51343K [0x00000000a0000000, 0x00000000a9100000, 0x00000000e0000000)
  object space 148480K, 34% used [0x00000000a0000000,0x00000000a3223f28,0x00000000a9100000)
 Metaspace       used 84118K, capacity 87514K, committed 87808K, reserved 1126400K
  class space    used 10976K, capacity 11686K, committed 11776K, reserved 1048576K

Card table byte_map: [0x0000000012730000,0x0000000012a40000] byte_map_base: 0x0000000012230000

Marking Bits: (ParMarkBitMap*) 0x000000006160f030
 Begin Bits: [0x0000000013040000, 0x0000000014840000)
 End Bits:   [0x0000000014840000, 0x0000000016040000)

Polling page: 0x0000000001450000

CodeCache: size=245760Kb used=38073Kb max_used=38296Kb free=207686Kb
 bounds [0x0000000003370000, 0x0000000005900000, 0x0000000012370000]
 total_blobs=12393 nmethods=11533 adapters=770
 compilation: enabled

Compilation events (10 events):
Event: 2721.594 Thread 0x0000000016ced800 13565       1       org.apache.tools.zip.ZipFile$Entry::getOffsetEntry (5 bytes)
Event: 2721.594 Thread 0x0000000016ce5800 nmethod 13566 0x0000000005874750 code [0x0000000005874880, 0x00000000058748f8]
Event: 2721.594 Thread 0x0000000016ced800 nmethod 13565 0x00000000043dd850 code [0x00000000043dd9a0, 0x00000000043ddab0]
Event: 2721.594 Thread 0x0000000016ced800 13567  s    3       java.io.BufferedOutputStream::write (67 bytes)
Event: 2721.595 Thread 0x0000000016ced800 nmethod 13567 0x000000000393a650 code [0x000000000393a820, 0x000000000393b078]
Event: 2721.595 Thread 0x0000000016ced800 13568       3       org.gradle.internal.serialize.IntSetSerializer::read (54 bytes)
Event: 2721.596 Thread 0x0000000016ced800 nmethod 13568 0x0000000005564790 code [0x0000000005564960, 0x0000000005564e98]
Event: 2721.596 Thread 0x0000000016ced800 13569       1       org.apache.tools.zip.ZipEntry::getMethod (5 bytes)
Event: 2721.596 Thread 0x0000000016ced800 nmethod 13569 0x000000000393a390 code [0x000000000393a4e0, 0x000000000393a5f0]
Event: 2721.597 Thread 0x0000000016ce5800 13570       4       org.gradle.api.internal.tasks.compile.incremental.deps.ClassSetAnalysisData$Serializer::readDependentsSet (72 bytes)

GC Heap History (10 events):
Event: 12.202 GC heap before
{Heap before GC invocations=15 (full 3):
 PSYoungGen      total 171520K, used 18924K [0x00000000e0000000, 0x00000000ed500000, 0x0000000100000000)
  eden space 152576K, 0% used [0x00000000e0000000,0x00000000e0000000,0x00000000e9500000)
  from space 18944K, 99% used [0x00000000eab80000,0x00000000ebdfb310,0x00000000ebe00000)
  to   space 23040K, 0% used [0x00000000e9500000,0x00000000e9500000,0x00000000eab80000)
 ParOldGen       total 93696K, used 30197K [0x00000000a0000000, 0x00000000a5b80000, 0x00000000e0000000)
  object space 93696K, 32% used [0x00000000a0000000,0x00000000a1d7d450,0x00000000a5b80000)
 Metaspace       used 57235K, capacity 59130K, committed 59160K, reserved 1099776K
  class space    used 7720K, capacity 8165K, committed 8192K, reserved 1048576K
Event: 12.446 GC heap after
Heap after GC invocations=15 (full 3):
 PSYoungGen      total 171520K, used 0K [0x00000000e0000000, 0x00000000ed500000, 0x0000000100000000)
  eden space 152576K, 0% used [0x00000000e0000000,0x00000000e0000000,0x00000000e9500000)
  from space 18944K, 0% used [0x00000000eab80000,0x00000000eab80000,0x00000000ebe00000)
  to   space 23040K, 0% used [0x00000000e9500000,0x00000000e9500000,0x00000000eab80000)
 ParOldGen       total 148480K, used 38795K [0x00000000a0000000, 0x00000000a9100000, 0x00000000e0000000)
  object space 148480K, 26% used [0x00000000a0000000,0x00000000a25e2f38,0x00000000a9100000)
 Metaspace       used 57226K, capacity 59100K, committed 59160K, reserved 1099776K
  class space    used 7717K, capacity 8160K, committed 8192K, reserved 1048576K
}
Event: 15.286 GC heap before
{Heap before GC invocations=16 (full 3):
 PSYoungGen      total 171520K, used 152576K [0x00000000e0000000, 0x00000000ed500000, 0x0000000100000000)
  eden space 152576K, 100% used [0x00000000e0000000,0x00000000e9500000,0x00000000e9500000)
  from space 18944K, 0% used [0x00000000eab80000,0x00000000eab80000,0x00000000ebe00000)
  to   space 23040K, 0% used [0x00000000e9500000,0x00000000e9500000,0x00000000eab80000)
 ParOldGen       total 148480K, used 38795K [0x00000000a0000000, 0x00000000a9100000, 0x00000000e0000000)
  object space 148480K, 26% used [0x00000000a0000000,0x00000000a25e2f38,0x00000000a9100000)
 Metaspace       used 65107K, capacity 67308K, committed 67584K, reserved 1107968K
  class space    used 8859K, capacity 9367K, committed 9472K, reserved 1048576K
Event: 15.298 GC heap after
Heap after GC invocations=16 (full 3):
 PSYoungGen      total 175616K, used 13891K [0x00000000e0000000, 0x00000000ede80000, 0x0000000100000000)
  eden space 152576K, 0% used [0x00000000e0000000,0x00000000e0000000,0x00000000e9500000)
  from space 23040K, 60% used [0x00000000e9500000,0x00000000ea290db8,0x00000000eab80000)
  to   space 23040K, 0% used [0x00000000ec800000,0x00000000ec800000,0x00000000ede80000)
 ParOldGen       total 148480K, used 38803K [0x00000000a0000000, 0x00000000a9100000, 0x00000000e0000000)
  object space 148480K, 26% used [0x00000000a0000000,0x00000000a25e4f38,0x00000000a9100000)
 Metaspace       used 65107K, capacity 67308K, committed 67584K, reserved 1107968K
  class space    used 8859K, capacity 9367K, committed 9472K, reserved 1048576K
}
Event: 17.556 GC heap before
{Heap before GC invocations=17 (full 3):
 PSYoungGen      total 175616K, used 166467K [0x00000000e0000000, 0x00000000ede80000, 0x0000000100000000)
  eden space 152576K, 100% used [0x00000000e0000000,0x00000000e9500000,0x00000000e9500000)
  from space 23040K, 60% used [0x00000000e9500000,0x00000000ea290db8,0x00000000eab80000)
  to   space 23040K, 0% used [0x00000000ec800000,0x00000000ec800000,0x00000000ede80000)
 ParOldGen       total 148480K, used 38803K [0x00000000a0000000, 0x00000000a9100000, 0x00000000e0000000)
  object space 148480K, 26% used [0x00000000a0000000,0x00000000a25e4f38,0x00000000a9100000)
 Metaspace       used 71127K, capacity 73750K, committed 73856K, reserved 1112064K
  class space    used 9723K, capacity 10286K, committed 10368K, reserved 1048576K
Event: 17.578 GC heap after
Heap after GC invocations=17 (full 3):
 PSYoungGen      total 201216K, used 23020K [0x00000000e0000000, 0x00000000ee480000, 0x0000000100000000)
  eden space 178176K, 0% used [0x00000000e0000000,0x00000000e0000000,0x00000000eae00000)
  from space 23040K, 99% used [0x00000000ec800000,0x00000000ede7b258,0x00000000ede80000)
  to   space 26624K, 0% used [0x00000000eae00000,0x00000000eae00000,0x00000000ec800000)
 ParOldGen       total 148480K, used 39891K [0x00000000a0000000, 0x00000000a9100000, 0x00000000e0000000)
  object space 148480K, 26% used [0x00000000a0000000,0x00000000a26f4e40,0x00000000a9100000)
 Metaspace       used 71127K, capacity 73750K, committed 73856K, reserved 1112064K
  class space    used 9723K, capacity 10286K, committed 10368K, reserved 1048576K
}
Event: 1853.372 GC heap before
{Heap before GC invocations=18 (full 3):
 PSYoungGen      total 201216K, used 201196K [0x00000000e0000000, 0x00000000ee480000, 0x0000000100000000)
  eden space 178176K, 100% used [0x00000000e0000000,0x00000000eae00000,0x00000000eae00000)
  from space 23040K, 99% used [0x00000000ec800000,0x00000000ede7b258,0x00000000ede80000)
  to   space 26624K, 0% used [0x00000000eae00000,0x00000000eae00000,0x00000000ec800000)
 ParOldGen       total 148480K, used 39891K [0x00000000a0000000, 0x00000000a9100000, 0x00000000e0000000)
  object space 148480K, 26% used [0x00000000a0000000,0x00000000a26f4e40,0x00000000a9100000)
 Metaspace       used 77877K, capacity 80960K, committed 81152K, reserved 1120256K
  class space    used 10251K, capacity 10927K, committed 11008K, reserved 1048576K
Event: 1853.403 GC heap after
Heap after GC invocations=18 (full 3):
 PSYoungGen      total 196608K, used 23561K [0x00000000e0000000, 0x00000000ee280000, 0x0000000100000000)
  eden space 172544K, 0% used [0x00000000e0000000,0x00000000e0000000,0x00000000ea880000)
  from space 24064K, 97% used [0x00000000eae00000,0x00000000ec5025a8,0x00000000ec580000)
  to   space 29696K, 0% used [0x00000000ec580000,0x00000000ec580000,0x00000000ee280000)
 ParOldGen       total 148480K, used 48924K [0x00000000a0000000, 0x00000000a9100000, 0x00000000e0000000)
  object space 148480K, 32% used [0x00000000a0000000,0x00000000a2fc73d8,0x00000000a9100000)
 Metaspace       used 77877K, capacity 80960K, committed 81152K, reserved 1120256K
  class space    used 10251K, capacity 10927K, committed 11008K, reserved 1048576K
}
Event: 2712.055 GC heap before
{Heap before GC invocations=19 (full 3):
 PSYoungGen      total 196608K, used 196105K [0x00000000e0000000, 0x00000000ee280000, 0x0000000100000000)
  eden space 172544K, 100% used [0x00000000e0000000,0x00000000ea880000,0x00000000ea880000)
  from space 24064K, 97% used [0x00000000eae00000,0x00000000ec5025a8,0x00000000ec580000)
  to   space 29696K, 0% used [0x00000000ec580000,0x00000000ec580000,0x00000000ee280000)
 ParOldGen       total 148480K, used 48924K [0x00000000a0000000, 0x00000000a9100000, 0x00000000e0000000)
  object space 148480K, 32% used [0x00000000a0000000,0x00000000a2fc73d8,0x00000000a9100000)
 Metaspace       used 80678K, capacity 83854K, committed 83968K, reserved 1122304K
  class space    used 10591K, capacity 11250K, committed 11264K, reserved 1048576K
Event: 2712.137 GC heap after
Heap after GC invocations=19 (full 3):
 PSYoungGen      total 197120K, used 29685K [0x00000000e0000000, 0x00000000ee780000, 0x0000000100000000)
  eden space 167424K, 0% used [0x00000000e0000000,0x00000000e0000000,0x00000000ea380000)
  from space 29696K, 99% used [0x00000000ec580000,0x00000000ee27d520,0x00000000ee280000)
  to   space 34816K, 0% used [0x00000000ea380000,0x00000000ea380000,0x00000000ec580000)
 ParOldGen       total 148480K, used 51343K [0x00000000a0000000, 0x00000000a9100000, 0x00000000e0000000)
  object space 148480K, 34% used [0x00000000a0000000,0x00000000a3223f28,0x00000000a9100000)
 Metaspace       used 80678K, capacity 83854K, committed 83968K, reserved 1122304K
  class space    used 10591K, capacity 11250K, committed 11264K, reserved 1048576K
}

Deoptimization events (10 events):
Event: 2720.876 Thread 0x000000001f4eb000 Uncommon trap: reason=null_assert action=make_not_entrant pc=0x00000000054e9dc8 method=org.gradle.internal.snapshot.impl.DirectorySnapshotter$PathVisitor.shouldVisit(Ljava/nio/file/Path;Ljava/lang/String;ZLjava/nio/file/attribute/BasicFileAttributes;Ljava
Event: 2720.876 Thread 0x000000001f4eb000 Uncommon trap: reason=null_assert action=make_not_entrant pc=0x000000000550a748 method=org.gradle.internal.snapshot.impl.DirectorySnapshotter$PathVisitor.shouldVisit(Ljava/nio/file/Path;Ljava/lang/String;ZLjava/nio/file/attribute/BasicFileAttributes;Ljava
Event: 2720.896 Thread 0x000000001f4eb000 Uncommon trap: reason=class_check action=maybe_recompile pc=0x0000000005836e30 method=java.util.Spliterators$1Adapter.hasNext()Z @ 12
Event: 2720.896 Thread 0x000000001f4eb000 Uncommon trap: reason=class_check action=maybe_recompile pc=0x0000000005836e30 method=java.util.Spliterators$1Adapter.hasNext()Z @ 12
Event: 2720.931 Thread 0x000000001f4eb000 Uncommon trap: reason=class_check action=maybe_recompile pc=0x0000000005836e30 method=java.util.Spliterators$1Adapter.hasNext()Z @ 12
Event: 2720.931 Thread 0x000000001f4eb000 Uncommon trap: reason=class_check action=maybe_recompile pc=0x0000000005836e30 method=java.util.Spliterators$1Adapter.hasNext()Z @ 12
Event: 2721.431 Thread 0x000000001f4eb000 Uncommon trap: reason=unstable_if action=reinterpret pc=0x00000000041dcd30 method=java.lang.StringCoding$StringDecoder.decode([BII)[C @ 20
Event: 2721.432 Thread 0x000000001f4eb000 Uncommon trap: reason=unstable_if action=reinterpret pc=0x00000000041ce004 method=java.lang.StringCoding$StringDecoder.decode([BII)[C @ 20
Event: 2721.581 Thread 0x00000000225c1000 Uncommon trap: reason=unstable_if action=reinterpret pc=0x00000000036e83e0 method=java.io.BufferedOutputStream.write([BII)V @ 35
Event: 2721.593 Thread 0x00000000225c1000 Uncommon trap: reason=unstable_if action=reinterpret pc=0x00000000058f5188 method=java.io.BufferedOutputStream.write([BII)V @ 35

Classes redefined (0 events):
No events

Internal exceptions (10 events):
Event: 2713.442 Thread 0x000000001f4eb000 Implicit null exception at 0x00000000043b79dc to 0x00000000043b82d1
Event: 2713.443 Thread 0x000000001f4eb000 Exception <a 'java/lang/NoSuchMethodError': <clinit>> (0x00000000e3c691f0) thrown at [C:\src\AOSP-openjdk-git\hotspot\src\share\vm\prims\jni.cpp, line 1615]
Event: 2713.443 Thread 0x000000001f4eb000 Exception <a 'java/lang/NoSuchMethodError': <clinit>> (0x00000000e3c6ac20) thrown at [C:\src\AOSP-openjdk-git\hotspot\src\share\vm\prims\jni.cpp, line 1615]
Event: 2713.481 Thread 0x000000001f4eb000 Exception <a 'java/lang/NoSuchMethodError': <clinit>> (0x00000000e405af90) thrown at [C:\src\AOSP-openjdk-git\hotspot\src\share\vm\prims\jni.cpp, line 1615]
Event: 2713.482 Thread 0x000000001f4eb000 Exception <a 'java/lang/NoSuchMethodError': <clinit>> (0x00000000e407bfd8) thrown at [C:\src\AOSP-openjdk-git\hotspot\src\share\vm\prims\jni.cpp, line 1615]
Event: 2713.485 Thread 0x000000001f4eb000 Exception <a 'java/lang/NoSuchMethodError': <clinit>> (0x00000000e40a4fd0) thrown at [C:\src\AOSP-openjdk-git\hotspot\src\share\vm\prims\jni.cpp, line 1615]
Event: 2713.490 Thread 0x000000001f4eb000 Exception <a 'java/lang/NoSuchMethodError': <clinit>> (0x00000000e40f8f48) thrown at [C:\src\AOSP-openjdk-git\hotspot\src\share\vm\prims\jni.cpp, line 1615]
Event: 2713.492 Thread 0x000000001f4eb000 Exception <a 'java/lang/NoSuchMethodError': <clinit>> (0x00000000e412bc58) thrown at [C:\src\AOSP-openjdk-git\hotspot\src\share\vm\prims\jni.cpp, line 1615]
Event: 2720.248 Thread 0x000000001a682800 Exception <a 'sun/nio/fs/WindowsException'> (0x00000000e4edee70) thrown at [C:\src\AOSP-openjdk-git\hotspot\src\share\vm\prims\jni.cpp, line 710]
Event: 2720.249 Thread 0x000000001a682800 Exception <a 'sun/nio/fs/WindowsException'> (0x00000000e4edf318) thrown at [C:\src\AOSP-openjdk-git\hotspot\src\share\vm\prims\jni.cpp, line 710]

Events (10 events):
Event: 2721.577 loading class it/unimi/dsi/fastutil/BidirectionalIterator
Event: 2721.577 loading class it/unimi/dsi/fastutil/BidirectionalIterator done
Event: 2721.581 Thread 0x00000000225c1000 Uncommon trap: trap_request=0xffffff65 fr.pc=0x00000000036e83e0
Event: 2721.581 Executing VM operation: RevokeBias
Event: 2721.581 Executing VM operation: RevokeBias done
Event: 2721.581 Thread 0x00000000225c1000 DEOPT PACKING pc=0x00000000036e83e0 sp=0x000000002840e3d0
Event: 2721.581 Thread 0x00000000225c1000 DEOPT UNPACKING pc=0x00000000033b557b sp=0x000000002840e320 mode 2
Event: 2721.593 Thread 0x00000000225c1000 Uncommon trap: trap_request=0xffffff65 fr.pc=0x00000000058f5188
Event: 2721.593 Thread 0x00000000225c1000 DEOPT PACKING pc=0x00000000058f5188 sp=0x000000002840e380
Event: 2721.593 Thread 0x00000000225c1000 DEOPT UNPACKING pc=0x00000000033b557b sp=0x000000002840e330 mode 2


Dynamic libraries:
0x00007ff7e6240000 - 0x00007ff7e6271000 	C:\Program Files\Android\Android Studio\jre\bin\java.exe
0x00007ff8f7ae0000 - 0x00007ff8f7cd0000 	C:\WINDOWS\SYSTEM32\ntdll.dll
0x00007ff8f5d90000 - 0x00007ff8f5e42000 	C:\WINDOWS\System32\KERNEL32.DLL
0x00007ff8f5890000 - 0x00007ff8f5b34000 	C:\WINDOWS\System32\KERNELBASE.dll
0x00007ff8f5ce0000 - 0x00007ff8f5d83000 	C:\WINDOWS\System32\ADVAPI32.dll
0x00007ff8f7650000 - 0x00007ff8f76ee000 	C:\WINDOWS\System32\msvcrt.dll
0x00007ff8f7010000 - 0x00007ff8f70a7000 	C:\WINDOWS\System32\sechost.dll
0x00007ff8f6780000 - 0x00007ff8f68a0000 	C:\WINDOWS\System32\RPCRT4.dll
0x00007ff8f72f0000 - 0x00007ff8f7484000 	C:\WINDOWS\System32\USER32.dll
0x00007ff8f5490000 - 0x00007ff8f54b1000 	C:\WINDOWS\System32\win32u.dll
0x00007ff8f5f90000 - 0x00007ff8f5fb6000 	C:\WINDOWS\System32\GDI32.dll
0x00007ff8f54c0000 - 0x00007ff8f5655000 	C:\WINDOWS\System32\gdi32full.dll
0x00007ff8f5760000 - 0x00007ff8f57fe000 	C:\WINDOWS\System32\msvcp_win.dll
0x00007ff8f5660000 - 0x00007ff8f575a000 	C:\WINDOWS\System32\ucrtbase.dll
0x00007ff8de910000 - 0x00007ff8deb94000 	C:\WINDOWS\WinSxS\amd64_microsoft.windows.common-controls_6595b64144ccf1df_6.0.18362.900_none_e6beb9d913147d17\COMCTL32.dll
0x00007ff8f7760000 - 0x00007ff8f7a95000 	C:\WINDOWS\System32\combase.dll
0x00007ff8f5360000 - 0x00007ff8f53e0000 	C:\WINDOWS\System32\bcryptPrimitives.dll
0x00007ff8f6750000 - 0x00007ff8f677e000 	C:\WINDOWS\System32\IMM32.DLL
0x0000000060c80000 - 0x0000000060d52000 	C:\Program Files\Android\Android Studio\jre\jre\bin\msvcr100.dll
0x0000000060e40000 - 0x000000006168b000 	C:\Program Files\Android\Android Studio\jre\jre\bin\server\jvm.dll
0x00007ff8f5fc0000 - 0x00007ff8f5fc8000 	C:\WINDOWS\System32\PSAPI.DLL
0x00007ff8e7e50000 - 0x00007ff8e7e5a000 	C:\WINDOWS\SYSTEM32\VERSION.dll
0x00007ff8f2ae0000 - 0x00007ff8f2b04000 	C:\WINDOWS\SYSTEM32\WINMM.dll
0x00007ff8f2b40000 - 0x00007ff8f2b49000 	C:\WINDOWS\SYSTEM32\WSOCK32.dll
0x00007ff8f29b0000 - 0x00007ff8f29dd000 	C:\WINDOWS\SYSTEM32\winmmbase.dll
0x00007ff8f5b40000 - 0x00007ff8f5b8a000 	C:\WINDOWS\System32\cfgmgr32.dll
0x00007ff8f76f0000 - 0x00007ff8f775f000 	C:\WINDOWS\System32\WS2_32.dll
0x00007ff8f0fc0000 - 0x00007ff8f0fcf000 	C:\Program Files\Android\Android Studio\jre\jre\bin\verify.dll
0x00007ff8edc30000 - 0x00007ff8edc59000 	C:\Program Files\Android\Android Studio\jre\jre\bin\java.dll
0x00007ff8f0a30000 - 0x00007ff8f0a46000 	C:\Program Files\Android\Android Studio\jre\jre\bin\zip.dll
0x00007ff8f6920000 - 0x00007ff8f7006000 	C:\WINDOWS\System32\SHELL32.dll
0x00007ff8f5fd0000 - 0x00007ff8f6079000 	C:\WINDOWS\System32\shcore.dll
0x00007ff8f4a90000 - 0x00007ff8f5210000 	C:\WINDOWS\System32\windows.storage.dll
0x00007ff8f4a20000 - 0x00007ff8f4a43000 	C:\WINDOWS\System32\profapi.dll
0x00007ff8f49d0000 - 0x00007ff8f4a1a000 	C:\WINDOWS\System32\powrprof.dll
0x00007ff8f49a0000 - 0x00007ff8f49b0000 	C:\WINDOWS\System32\UMPDC.dll
0x00007ff8f7290000 - 0x00007ff8f72e2000 	C:\WINDOWS\System32\shlwapi.dll
0x00007ff8f49b0000 - 0x00007ff8f49c1000 	C:\WINDOWS\System32\kernel.appcore.dll
0x00007ff8f4a70000 - 0x00007ff8f4a87000 	C:\WINDOWS\System32\cryptsp.dll
0x00007ff8effb0000 - 0x00007ff8effca000 	C:\Program Files\Android\Android Studio\jre\jre\bin\net.dll
0x00007ff8f41b0000 - 0x00007ff8f4217000 	C:\WINDOWS\system32\mswsock.dll
0x00007ff8ee6a0000 - 0x00007ff8ee6b3000 	C:\Program Files\Android\Android Studio\jre\jre\bin\nio.dll
0x00007ff8d9190000 - 0x00007ff8d91b6000 	C:\Users\User\.gradle\native\30\windows-amd64\native-platform.dll
0x00007ff8f0fa0000 - 0x00007ff8f0fad000 	C:\Program Files\Android\Android Studio\jre\jre\bin\management.dll
0x00007ff8f3d20000 - 0x00007ff8f3d53000 	C:\WINDOWS\system32\rsaenh.dll
0x00007ff8f5800000 - 0x00007ff8f5826000 	C:\WINDOWS\System32\bcrypt.dll
0x00007ff8f48c0000 - 0x00007ff8f48e5000 	C:\WINDOWS\SYSTEM32\USERENV.dll
0x00007ff8f4380000 - 0x00007ff8f438c000 	C:\WINDOWS\SYSTEM32\CRYPTBASE.dll
0x00007ff8f3ec0000 - 0x00007ff8f3efa000 	C:\WINDOWS\SYSTEM32\IPHLPAPI.DLL
0x00007ff8f7640000 - 0x00007ff8f7648000 	C:\WINDOWS\System32\NSI.dll
0x00007ff8ee410000 - 0x00007ff8ee426000 	C:\WINDOWS\SYSTEM32\dhcpcsvc6.DLL
0x00007ff8eeb10000 - 0x00007ff8eeb2c000 	C:\WINDOWS\SYSTEM32\dhcpcsvc.DLL
0x00007ff8f3f00000 - 0x00007ff8f3fcb000 	C:\WINDOWS\SYSTEM32\DNSAPI.dll

VM Arguments:
jvm_args: -Xmx1536m -Dfile.encoding=windows-1251 -Duser.country=RU -Duser.language=ru -Duser.variant 
java_command: org.gradle.launcher.daemon.bootstrap.GradleDaemon 5.6.4
java_class_path (initial): C:\Users\User\.gradle\wrapper\dists\gradle-5.6.4-all\ankdp27end7byghfw1q2sw75f\gradle-5.6.4\lib\gradle-launcher-5.6.4.jar
Launcher Type: SUN_STANDARD

Environment Variables:
PATH=C:\Program Files (x86)\Common Files\Oracle\Java\javapath;C:\WINDOWS\system32;C:\WINDOWS;C:\WINDOWS\System32\Wbem;C:\WINDOWS\System32\WindowsPowerShell\v1.0\;C:\WINDOWS\System32\OpenSSH\;C:\Program Files\Git\cmd;C:\Users\User\AppData\Local\Microsoft\WindowsApps;C:\Users\User\AppData\Local\GitHubDesktop\bin;C:\flutter_windows_v1.12.13+hotfix.9-stable\flutter\bin;
USERNAME=User
OS=Windows_NT
PROCESSOR_IDENTIFIER=Intel64 Family 6 Model 42 Stepping 7, GenuineIntel



---------------  S Y S T E M  ---------------

OS: Windows 10.0 , 64 bit Build 18362 (10.0.18362.900)

CPU:total 4 (initial active 4) (4 cores per cpu, 1 threads per core) family 6 model 42 stepping 7, cmov, cx8, fxsr, mmx, sse, sse2, sse3, ssse3, sse4.1, sse4.2, popcnt, avx, aes, clmul, tsc, tscinvbit

Memory: 4k page, physical 8297728k(471008k free), swap 10362112k(0k free)

vm_info: OpenJDK 64-Bit Server VM (25.242-b01) for windows-amd64 JRE (1.8.0_242-release-1644-b01), built by "builder" with MS VC++ 10.0 (VS2010)

time: Tue Jun 16 14:53:29 2020
timezone: RTZ 2 (зима)
elapsed time: 2721 seconds (0d 0h 45m 21s)

